2023-09-13T21:00:54: PM2 log: ===============================================================================
2023-09-13T21:00:54: PM2 log: --- New PM2 Daemon started ----------------------------------------------------
2023-09-13T21:00:54: PM2 log: Time                 : Wed Sep 13 2023 21:00:54 GMT+0000 (Coordinated Universal Time)
2023-09-13T21:00:54: PM2 log: PM2 version          : 5.3.0
2023-09-13T21:00:54: PM2 log: Node.js version      : 18.17.1
2023-09-13T21:00:54: PM2 log: Current arch         : x64
2023-09-13T21:00:54: PM2 log: PM2 home             : /home/ubuntu/.pm2
2023-09-13T21:00:54: PM2 log: PM2 PID file         : /home/ubuntu/.pm2/pm2.pid
2023-09-13T21:00:54: PM2 log: RPC socket file      : /home/ubuntu/.pm2/rpc.sock
2023-09-13T21:00:54: PM2 log: BUS socket file      : /home/ubuntu/.pm2/pub.sock
2023-09-13T21:00:54: PM2 log: Application log path : /home/ubuntu/.pm2/logs
2023-09-13T21:00:54: PM2 log: Worker Interval      : 30000
2023-09-13T21:00:54: PM2 log: Process dump file    : /home/ubuntu/.pm2/dump.pm2
2023-09-13T21:00:54: PM2 log: Concurrent actions   : 2
2023-09-13T21:00:54: PM2 log: SIGTERM timeout      : 1600
2023-09-13T21:00:54: PM2 log: ===============================================================================
2023-09-13T21:00:54: PM2 log: App [app:0] starting in -fork mode-
2023-09-13T21:00:54: PM2 log: App [app:0] online
2023-10-04T19:48:17: PM2 log: pm2 has been killed by signal, dumping process list before exit...
2023-10-04T19:48:17: PM2 log: Deleting process 0
2023-10-04T19:48:17: PM2 log: Stopping app:app id:0
2023-10-04T19:48:17: PM2 log: App [app:0] exited with code [0] via signal [SIGHUP]
2023-10-04T19:48:17: PM2 log: pid=9277 msg=process killed
2023-10-04T19:48:17: PM2 log: Exited peacefully
2023-10-05T21:00:19: PM2 log: ===============================================================================
2023-10-05T21:00:19: PM2 log: --- New PM2 Daemon started ----------------------------------------------------
2023-10-05T21:00:19: PM2 log: Time                 : Thu Oct 05 2023 21:00:19 GMT+0000 (Coordinated Universal Time)
2023-10-05T21:00:19: PM2 log: PM2 version          : 5.3.0
2023-10-05T21:00:19: PM2 log: Node.js version      : 18.17.1
2023-10-05T21:00:19: PM2 log: Current arch         : x64
2023-10-05T21:00:19: PM2 log: PM2 home             : /home/ubuntu/.pm2
2023-10-05T21:00:19: PM2 log: PM2 PID file         : /home/ubuntu/.pm2/pm2.pid
2023-10-05T21:00:19: PM2 log: RPC socket file      : /home/ubuntu/.pm2/rpc.sock
2023-10-05T21:00:19: PM2 log: BUS socket file      : /home/ubuntu/.pm2/pub.sock
2023-10-05T21:00:19: PM2 log: Application log path : /home/ubuntu/.pm2/logs
2023-10-05T21:00:19: PM2 log: Worker Interval      : 30000
2023-10-05T21:00:19: PM2 log: Process dump file    : /home/ubuntu/.pm2/dump.pm2
2023-10-05T21:00:19: PM2 log: Concurrent actions   : 2
2023-10-05T21:00:19: PM2 log: SIGTERM timeout      : 1600
2023-10-05T21:00:19: PM2 log: ===============================================================================
