0 verbose cli /home/ubuntu/.nvm/versions/node/v18.17.1/bin/node /home/ubuntu/.nvm/versions/node/v18.17.1/bin/npm
1 info using npm@9.6.7
2 info using node@v18.17.1
3 timing npm:load:whichnode Completed in 2ms
4 timing config:load:defaults Completed in 2ms
5 timing config:load:file:/home/ubuntu/.nvm/versions/node/v18.17.1/lib/node_modules/npm/npmrc Completed in 12ms
6 timing config:load:builtin Completed in 12ms
7 timing config:load:cli Completed in 7ms
8 timing config:load:env Completed in 0ms
9 timing config:load:project Completed in 2ms
10 timing config:load:file:/home/ubuntu/.npmrc Completed in 0ms
11 timing config:load:user Completed in 0ms
12 timing config:load:file:/home/ubuntu/.nvm/versions/node/v18.17.1/etc/npmrc Completed in 0ms
13 timing config:load:global Completed in 0ms
14 timing config:load:setEnvs Completed in 1ms
15 timing config:load Completed in 25ms
16 timing npm:load:configload Completed in 25ms
17 timing npm:load:mkdirpcache Completed in 0ms
18 timing npm:load:mkdirplogs Completed in 0ms
19 verbose title npm install express archiver
20 verbose argv "install" "express" "archiver"
21 timing npm:load:setTitle Completed in 2ms
22 timing config:load:flatten Completed in 4ms
23 timing npm:load:display Completed in 5ms
24 verbose logfile logs-max:10 dir:/home/ubuntu/.npm/_logs/2023-10-05T21_46_39_309Z-
25 verbose logfile /home/ubuntu/.npm/_logs/2023-10-05T21_46_39_309Z-debug-0.log
26 timing npm:load:logFile Completed in 12ms
27 timing npm:load:timers Completed in 0ms
28 timing npm:load:configScope Completed in 0ms
29 timing npm:load Completed in 46ms
30 timing config:load:flatten Completed in 0ms
31 timing arborist:ctor Completed in 1ms
32 silly logfile start cleaning logs, removing 1 files
33 timing arborist:ctor Completed in 0ms
34 silly logfile done cleaning log files
35 timing idealTree:init Completed in 17ms
36 timing idealTree:userRequests Completed in 6ms
37 silly idealTree buildDeps
38 silly fetch manifest express@*
39 http fetch GET 200 https://registry.npmjs.org/express 120ms (cache revalidated)
40 silly fetch manifest archiver@*
41 http fetch GET 200 https://registry.npmjs.org/archiver 35ms (cache revalidated)
42 silly placeDep ROOT archiver@6.0.1 OK for:  want: *
43 silly fetch manifest archiver-utils@^4.0.1
44 silly fetch manifest async@^3.2.4
45 silly fetch manifest buffer-crc32@^0.2.1
46 silly fetch manifest readable-stream@^3.6.0
47 silly fetch manifest readdir-glob@^1.1.2
48 silly fetch manifest tar-stream@^3.0.0
49 silly fetch manifest zip-stream@^5.0.1
50 silly placeDep ROOT express@4.18.2 OK for:  want: *
51 silly fetch manifest accepts@~1.3.8
52 silly fetch manifest array-flatten@1.1.1
53 silly fetch manifest body-parser@1.20.1
54 silly fetch manifest content-disposition@0.5.4
55 silly fetch manifest content-type@~1.0.4
56 silly fetch manifest cookie@0.5.0
57 silly fetch manifest cookie-signature@1.0.6
58 silly fetch manifest debug@2.6.9
59 silly fetch manifest depd@2.0.0
60 silly fetch manifest encodeurl@~1.0.2
61 silly fetch manifest escape-html@~1.0.3
62 silly fetch manifest etag@~1.8.1
63 silly fetch manifest finalhandler@1.2.0
64 silly fetch manifest fresh@0.5.2
65 silly fetch manifest http-errors@2.0.0
66 silly fetch manifest merge-descriptors@1.0.1
67 silly fetch manifest methods@~1.1.2
68 silly fetch manifest on-finished@2.4.1
69 silly fetch manifest parseurl@~1.3.3
70 silly fetch manifest path-to-regexp@0.1.7
71 silly fetch manifest proxy-addr@~2.0.7
72 silly fetch manifest qs@6.11.0
73 silly fetch manifest range-parser@~1.2.1
74 silly fetch manifest safe-buffer@5.2.1
75 silly fetch manifest send@0.18.0
76 silly fetch manifest serve-static@1.15.0
77 silly fetch manifest setprototypeof@1.2.0
78 silly fetch manifest statuses@2.0.1
79 silly fetch manifest type-is@~1.6.18
80 silly fetch manifest utils-merge@1.0.1
81 silly fetch manifest vary@~1.1.2
82 http fetch GET 200 https://registry.npmjs.org/async 144ms (cache revalidated)
83 http fetch GET 200 https://registry.npmjs.org/finalhandler 139ms (cache revalidated)
84 http fetch GET 200 https://registry.npmjs.org/body-parser 175ms (cache revalidated)
85 http fetch GET 200 https://registry.npmjs.org/accepts 183ms (cache revalidated)
86 http fetch GET 200 https://registry.npmjs.org/cookie-signature 183ms (cache revalidated)
87 http fetch GET 200 https://registry.npmjs.org/escape-html 187ms (cache revalidated)
88 http fetch GET 200 https://registry.npmjs.org/tar-stream 198ms (cache revalidated)
89 http fetch GET 200 https://registry.npmjs.org/debug 194ms (cache revalidated)
90 http fetch GET 200 https://registry.npmjs.org/cookie 197ms (cache revalidated)
91 http fetch GET 200 https://registry.npmjs.org/array-flatten 200ms (cache revalidated)
92 http fetch GET 200 https://registry.npmjs.org/archiver-utils 214ms (cache revalidated)
93 http fetch GET 200 https://registry.npmjs.org/buffer-crc32 212ms (cache revalidated)
94 http fetch GET 200 https://registry.npmjs.org/content-disposition 205ms (cache revalidated)
95 http fetch GET 200 https://registry.npmjs.org/readdir-glob 217ms (cache revalidated)
96 http fetch GET 200 https://registry.npmjs.org/zip-stream 216ms (cache revalidated)
97 http fetch GET 200 https://registry.npmjs.org/fresh 205ms (cache revalidated)
98 http fetch GET 200 https://registry.npmjs.org/http-errors 211ms (cache revalidated)
99 http fetch GET 200 https://registry.npmjs.org/content-type 218ms (cache revalidated)
100 http fetch GET 200 https://registry.npmjs.org/merge-descriptors 216ms (cache revalidated)
101 http fetch GET 200 https://registry.npmjs.org/depd 222ms (cache revalidated)
102 http fetch GET 200 https://registry.npmjs.org/proxy-addr 213ms (cache revalidated)
103 http fetch GET 200 https://registry.npmjs.org/on-finished 220ms (cache revalidated)
104 http fetch GET 200 https://registry.npmjs.org/parseurl 219ms (cache revalidated)
105 http fetch GET 200 https://registry.npmjs.org/methods 222ms (cache revalidated)
106 http fetch GET 200 https://registry.npmjs.org/safe-buffer 212ms (cache revalidated)
107 http fetch GET 200 https://registry.npmjs.org/encodeurl 231ms (cache revalidated)
108 http fetch GET 200 https://registry.npmjs.org/range-parser 218ms (cache revalidated)
109 http fetch GET 200 https://registry.npmjs.org/path-to-regexp 224ms (cache revalidated)
110 http fetch GET 200 https://registry.npmjs.org/etag 232ms (cache revalidated)
111 http fetch GET 200 https://registry.npmjs.org/send 218ms (cache revalidated)
112 http fetch GET 200 https://registry.npmjs.org/type-is 224ms (cache revalidated)
113 http fetch GET 200 https://registry.npmjs.org/setprototypeof 228ms (cache revalidated)
114 http fetch GET 200 https://registry.npmjs.org/serve-static 230ms (cache revalidated)
115 http fetch GET 200 https://registry.npmjs.org/statuses 229ms (cache revalidated)
116 http fetch GET 200 https://registry.npmjs.org/vary 227ms (cache revalidated)
117 http fetch GET 200 https://registry.npmjs.org/readable-stream 260ms (cache revalidated)
118 http fetch GET 200 https://registry.npmjs.org/utils-merge 233ms (cache revalidated)
119 http fetch GET 200 https://registry.npmjs.org/qs 244ms (cache revalidated)
120 timing idealTree:#root Completed in 444ms
121 silly placeDep ROOT archiver-utils@4.0.1 OK for: archiver@6.0.1 want: ^4.0.1
122 silly fetch manifest glob@^8.0.0
123 silly fetch manifest graceful-fs@^4.2.0
124 silly fetch manifest lazystream@^1.0.0
125 silly fetch manifest lodash@^4.17.15
126 silly fetch manifest normalize-path@^3.0.0
127 silly placeDep ROOT async@3.2.4 OK for: archiver@6.0.1 want: ^3.2.4
128 silly placeDep ROOT buffer-crc32@0.2.13 OK for: archiver@6.0.1 want: ^0.2.1
129 silly placeDep ROOT readable-stream@3.6.2 OK for: archiver@6.0.1 want: ^3.6.0
130 silly fetch manifest inherits@^2.0.3
131 silly fetch manifest string_decoder@^1.1.1
132 silly fetch manifest util-deprecate@^1.0.1
133 silly placeDep ROOT readdir-glob@1.1.3 OK for: archiver@6.0.1 want: ^1.1.2
134 silly fetch manifest minimatch@^5.1.0
135 silly placeDep ROOT tar-stream@3.1.6 OK for: archiver@6.0.1 want: ^3.0.0
136 silly fetch manifest b4a@^1.6.4
137 silly fetch manifest fast-fifo@^1.2.0
138 silly fetch manifest streamx@^2.15.0
139 silly placeDep ROOT zip-stream@5.0.1 OK for: archiver@6.0.1 want: ^5.0.1
140 silly fetch manifest compress-commons@^5.0.1
141 http fetch GET 200 https://registry.npmjs.org/graceful-fs 94ms (cache revalidated)
142 http fetch GET 200 https://registry.npmjs.org/lazystream 94ms (cache revalidated)
143 http fetch GET 200 https://registry.npmjs.org/normalize-path 93ms (cache revalidated)
144 http fetch GET 200 https://registry.npmjs.org/string_decoder 87ms (cache revalidated)
145 http fetch GET 200 https://registry.npmjs.org/lodash 96ms (cache revalidated)
146 http fetch GET 200 https://registry.npmjs.org/minimatch 85ms (cache revalidated)
147 http fetch GET 200 https://registry.npmjs.org/inherits 92ms (cache revalidated)
148 http fetch GET 200 https://registry.npmjs.org/streamx 84ms (cache revalidated)
149 http fetch GET 200 https://registry.npmjs.org/util-deprecate 92ms (cache revalidated)
150 http fetch GET 200 https://registry.npmjs.org/compress-commons 83ms (cache revalidated)
151 http fetch GET 200 https://registry.npmjs.org/b4a 88ms (cache revalidated)
152 http fetch GET 200 https://registry.npmjs.org/glob 106ms (cache revalidated)
153 http fetch GET 200 https://registry.npmjs.org/fast-fifo 91ms (cache revalidated)
154 timing idealTree:node_modules/archiver Completed in 117ms
155 silly placeDep ROOT glob@8.1.0 OK for: archiver-utils@4.0.1 want: ^8.0.0
156 silly fetch manifest fs.realpath@^1.0.0
157 silly fetch manifest inflight@^1.0.4
158 silly fetch manifest inherits@2
159 silly fetch manifest minimatch@^5.0.1
160 silly fetch manifest once@^1.3.0
161 silly placeDep ROOT graceful-fs@4.2.11 OK for: archiver-utils@4.0.1 want: ^4.2.0
162 silly placeDep ROOT lazystream@1.0.1 OK for: archiver-utils@4.0.1 want: ^1.0.0
163 silly fetch manifest readable-stream@^2.0.5
164 silly placeDep ROOT lodash@4.17.21 OK for: archiver-utils@4.0.1 want: ^4.17.15
165 silly placeDep ROOT normalize-path@3.0.0 OK for: archiver-utils@4.0.1 want: ^3.0.0
166 http fetch GET 200 https://registry.npmjs.org/inflight 32ms (cache revalidated)
167 http fetch GET 200 https://registry.npmjs.org/fs.realpath 35ms (cache revalidated)
168 http fetch GET 200 https://registry.npmjs.org/once 39ms (cache revalidated)
169 timing idealTree:node_modules/archiver-utils Completed in 48ms
170 timing idealTree:node_modules/async Completed in 0ms
171 timing idealTree:node_modules/buffer-crc32 Completed in 0ms
172 silly placeDep ROOT accepts@1.3.8 OK for: express@4.18.2 want: ~1.3.8
173 silly fetch manifest mime-types@~2.1.34
174 silly fetch manifest negotiator@0.6.3
175 silly placeDep ROOT array-flatten@1.1.1 OK for: express@4.18.2 want: 1.1.1
176 silly placeDep ROOT body-parser@1.20.1 OK for: express@4.18.2 want: 1.20.1
177 silly fetch manifest bytes@3.1.2
178 silly fetch manifest destroy@1.2.0
179 silly fetch manifest iconv-lite@0.4.24
180 silly fetch manifest raw-body@2.5.1
181 silly fetch manifest unpipe@1.0.0
182 silly placeDep ROOT content-disposition@0.5.4 OK for: express@4.18.2 want: 0.5.4
183 silly placeDep ROOT content-type@1.0.5 OK for: express@4.18.2 want: ~1.0.4
184 silly placeDep ROOT cookie@0.5.0 OK for: express@4.18.2 want: 0.5.0
185 silly placeDep ROOT cookie-signature@1.0.6 OK for: express@4.18.2 want: 1.0.6
186 silly placeDep ROOT debug@2.6.9 OK for: express@4.18.2 want: 2.6.9
187 silly fetch manifest ms@2.0.0
188 silly placeDep ROOT depd@2.0.0 OK for: express@4.18.2 want: 2.0.0
189 silly placeDep ROOT encodeurl@1.0.2 OK for: express@4.18.2 want: ~1.0.2
190 silly placeDep ROOT escape-html@1.0.3 OK for: express@4.18.2 want: ~1.0.3
191 silly placeDep ROOT etag@1.8.1 OK for: express@4.18.2 want: ~1.8.1
192 silly placeDep ROOT finalhandler@1.2.0 OK for: express@4.18.2 want: 1.2.0
193 silly fetch manifest unpipe@~1.0.0
194 silly placeDep ROOT fresh@0.5.2 OK for: express@4.18.2 want: 0.5.2
195 silly placeDep ROOT http-errors@2.0.0 OK for: express@4.18.2 want: 2.0.0
196 silly fetch manifest inherits@2.0.4
197 silly fetch manifest toidentifier@1.0.1
198 silly placeDep ROOT merge-descriptors@1.0.1 OK for: express@4.18.2 want: 1.0.1
199 silly placeDep ROOT methods@1.1.2 OK for: express@4.18.2 want: ~1.1.2
200 silly placeDep ROOT on-finished@2.4.1 OK for: express@4.18.2 want: 2.4.1
201 silly fetch manifest ee-first@1.1.1
202 silly placeDep ROOT parseurl@1.3.3 OK for: express@4.18.2 want: ~1.3.3
203 silly placeDep ROOT path-to-regexp@0.1.7 OK for: express@4.18.2 want: 0.1.7
204 silly placeDep ROOT proxy-addr@2.0.7 OK for: express@4.18.2 want: ~2.0.7
205 silly fetch manifest forwarded@0.2.0
206 silly fetch manifest ipaddr.js@1.9.1
207 silly placeDep ROOT qs@6.11.0 OK for: express@4.18.2 want: 6.11.0
208 silly fetch manifest side-channel@^1.0.4
209 silly placeDep ROOT range-parser@1.2.1 OK for: express@4.18.2 want: ~1.2.1
210 silly placeDep ROOT safe-buffer@5.2.1 OK for: express@4.18.2 want: 5.2.1
211 silly placeDep ROOT send@0.18.0 OK for: express@4.18.2 want: 0.18.0
212 silly fetch manifest mime@1.6.0
213 silly fetch manifest ms@2.1.3
214 silly placeDep ROOT serve-static@1.15.0 OK for: express@4.18.2 want: 1.15.0
215 silly placeDep ROOT setprototypeof@1.2.0 OK for: express@4.18.2 want: 1.2.0
216 silly placeDep ROOT statuses@2.0.1 OK for: express@4.18.2 want: 2.0.1
217 silly placeDep ROOT type-is@1.6.18 OK for: express@4.18.2 want: ~1.6.18
218 silly fetch manifest media-typer@0.3.0
219 silly fetch manifest mime-types@~2.1.24
220 silly placeDep ROOT utils-merge@1.0.1 OK for: express@4.18.2 want: 1.0.1
221 silly placeDep ROOT vary@1.1.2 OK for: express@4.18.2 want: ~1.1.2
222 http fetch GET 200 https://registry.npmjs.org/ms 76ms (cache revalidated)
223 http fetch GET 200 https://registry.npmjs.org/raw-body 87ms (cache revalidated)
224 http fetch GET 200 https://registry.npmjs.org/unpipe 79ms (cache revalidated)
225 http fetch GET 200 https://registry.npmjs.org/destroy 98ms (cache revalidated)
226 http fetch GET 200 https://registry.npmjs.org/bytes 101ms (cache revalidated)
227 http fetch GET 200 https://registry.npmjs.org/ee-first 75ms (cache revalidated)
228 http fetch GET 200 https://registry.npmjs.org/ipaddr.js 79ms (cache revalidated)
229 http fetch GET 200 https://registry.npmjs.org/negotiator 114ms (cache revalidated)
230 http fetch GET 200 https://registry.npmjs.org/unpipe 109ms (cache revalidated)
231 http fetch GET 200 https://registry.npmjs.org/mime-types 116ms (cache revalidated)
232 http fetch GET 200 https://registry.npmjs.org/ms 76ms (cache revalidated)
233 http fetch GET 200 https://registry.npmjs.org/iconv-lite 113ms (cache revalidated)
234 http fetch GET 200 https://registry.npmjs.org/side-channel 84ms (cache revalidated)
235 http fetch GET 200 https://registry.npmjs.org/mime-types 74ms (cache revalidated)
236 http fetch GET 200 https://registry.npmjs.org/media-typer 83ms (cache revalidated)
237 http fetch GET 200 https://registry.npmjs.org/toidentifier 104ms (cache revalidated)
238 http fetch GET 200 https://registry.npmjs.org/mime 89ms (cache revalidated)
239 http fetch GET 200 https://registry.npmjs.org/forwarded 97ms (cache revalidated)
240 timing idealTree:node_modules/express Completed in 149ms
241 silly placeDep ROOT mime-types@2.1.35 OK for: accepts@1.3.8 want: ~2.1.34
242 silly fetch manifest mime-db@1.52.0
243 silly placeDep ROOT negotiator@0.6.3 OK for: accepts@1.3.8 want: 0.6.3
244 http fetch GET 200 https://registry.npmjs.org/mime-db 22ms (cache revalidated)
245 timing idealTree:node_modules/accepts Completed in 26ms
246 timing idealTree:node_modules/array-flatten Completed in 0ms
247 silly placeDep ROOT bytes@3.1.2 OK for: body-parser@1.20.1 want: 3.1.2
248 silly placeDep ROOT destroy@1.2.0 OK for: body-parser@1.20.1 want: 1.2.0
249 silly placeDep ROOT iconv-lite@0.4.24 OK for: body-parser@1.20.1 want: 0.4.24
250 silly fetch manifest safer-buffer@>= 2.1.2 < 3
251 silly placeDep ROOT raw-body@2.5.1 OK for: body-parser@1.20.1 want: 2.5.1
252 silly placeDep ROOT unpipe@1.0.0 OK for: body-parser@1.20.1 want: 1.0.0
253 http fetch GET 200 https://registry.npmjs.org/safer-buffer 25ms (cache revalidated)
254 timing idealTree:node_modules/body-parser Completed in 30ms
255 timing idealTree:node_modules/bytes Completed in 0ms
256 timing idealTree:node_modules/content-disposition Completed in 0ms
257 timing idealTree:node_modules/content-type Completed in 0ms
258 timing idealTree:node_modules/cookie Completed in 0ms
259 timing idealTree:node_modules/cookie-signature Completed in 0ms
260 silly placeDep ROOT ms@2.0.0 OK for: debug@2.6.9 want: 2.0.0
261 timing idealTree:node_modules/debug Completed in 2ms
262 timing idealTree:node_modules/depd Completed in 0ms
263 timing idealTree:node_modules/destroy Completed in 0ms
264 timing idealTree:node_modules/encodeurl Completed in 0ms
265 timing idealTree:node_modules/escape-html Completed in 0ms
266 timing idealTree:node_modules/etag Completed in 0ms
267 timing idealTree:node_modules/finalhandler Completed in 0ms
268 timing idealTree:node_modules/fresh Completed in 0ms
269 silly placeDep ROOT fs.realpath@1.0.0 OK for: glob@8.1.0 want: ^1.0.0
270 silly placeDep ROOT inflight@1.0.6 OK for: glob@8.1.0 want: ^1.0.4
271 silly fetch manifest wrappy@1
272 silly placeDep ROOT inherits@2.0.4 OK for: glob@8.1.0 want: 2
273 silly placeDep ROOT minimatch@5.1.6 OK for: glob@8.1.0 want: ^5.0.1
274 silly fetch manifest brace-expansion@^2.0.1
275 silly placeDep ROOT once@1.4.0 OK for: glob@8.1.0 want: ^1.3.0
276 http fetch GET 200 https://registry.npmjs.org/brace-expansion 27ms (cache revalidated)
277 http fetch GET 200 https://registry.npmjs.org/wrappy 34ms (cache revalidated)
278 timing idealTree:node_modules/glob Completed in 38ms
279 timing idealTree:node_modules/fs.realpath Completed in 0ms
280 timing idealTree:node_modules/graceful-fs Completed in 0ms
281 silly placeDep ROOT toidentifier@1.0.1 OK for: http-errors@2.0.0 want: 1.0.1
282 timing idealTree:node_modules/http-errors Completed in 2ms
283 silly placeDep ROOT safer-buffer@2.1.2 OK for: iconv-lite@0.4.24 want: >= 2.1.2 < 3
284 timing idealTree:node_modules/iconv-lite Completed in 1ms
285 silly placeDep ROOT wrappy@1.0.2 OK for: inflight@1.0.6 want: 1
286 timing idealTree:node_modules/inflight Completed in 2ms
287 timing idealTree:node_modules/inherits Completed in 0ms
288 silly placeDep node_modules/lazystream readable-stream@2.3.8 OK for: lazystream@1.0.1 want: ^2.0.5
289 silly fetch manifest core-util-is@~1.0.0
290 silly fetch manifest isarray@~1.0.0
291 silly fetch manifest process-nextick-args@~2.0.0
292 silly fetch manifest safe-buffer@~5.1.1
293 silly fetch manifest string_decoder@~1.1.1
294 silly fetch manifest util-deprecate@~1.0.1
295 http fetch GET 200 https://registry.npmjs.org/isarray 35ms (cache revalidated)
296 http fetch GET 200 https://registry.npmjs.org/process-nextick-args 36ms (cache revalidated)
297 http fetch GET 200 https://registry.npmjs.org/core-util-is 38ms (cache revalidated)
298 timing idealTree:node_modules/lazystream Completed in 42ms
299 timing idealTree:node_modules/lodash Completed in 0ms
300 timing idealTree:node_modules/merge-descriptors Completed in 0ms
301 timing idealTree:node_modules/methods Completed in 0ms
302 silly placeDep ROOT mime-db@1.52.0 OK for: mime-types@2.1.35 want: 1.52.0
303 timing idealTree:node_modules/mime-types Completed in 1ms
304 timing idealTree:node_modules/mime-db Completed in 0ms
305 silly placeDep ROOT brace-expansion@2.0.1 OK for: minimatch@5.1.6 want: ^2.0.1
306 silly fetch manifest balanced-match@^1.0.0
307 http fetch GET 200 https://registry.npmjs.org/balanced-match 22ms (cache revalidated)
308 timing idealTree:node_modules/minimatch Completed in 25ms
309 silly placeDep ROOT balanced-match@1.0.2 OK for: brace-expansion@2.0.1 want: ^1.0.0
310 timing idealTree:node_modules/brace-expansion Completed in 2ms
311 timing idealTree:node_modules/balanced-match Completed in 0ms
312 timing idealTree:node_modules/ms Completed in 0ms
313 timing idealTree:node_modules/negotiator Completed in 0ms
314 timing idealTree:node_modules/normalize-path Completed in 0ms
315 silly placeDep ROOT ee-first@1.1.1 OK for: on-finished@2.4.1 want: 1.1.1
316 timing idealTree:node_modules/on-finished Completed in 1ms
317 timing idealTree:node_modules/ee-first Completed in 0ms
318 timing idealTree:node_modules/once Completed in 0ms
319 timing idealTree:node_modules/parseurl Completed in 0ms
320 timing idealTree:node_modules/path-to-regexp Completed in 0ms
321 silly placeDep ROOT forwarded@0.2.0 OK for: proxy-addr@2.0.7 want: 0.2.0
322 silly placeDep ROOT ipaddr.js@1.9.1 OK for: proxy-addr@2.0.7 want: 1.9.1
323 timing idealTree:node_modules/proxy-addr Completed in 2ms
324 timing idealTree:node_modules/forwarded Completed in 0ms
325 timing idealTree:node_modules/ipaddr.js Completed in 0ms
326 silly placeDep ROOT side-channel@1.0.4 OK for: qs@6.11.0 want: ^1.0.4
327 silly fetch manifest call-bind@^1.0.0
328 silly fetch manifest get-intrinsic@^1.0.2
329 silly fetch manifest object-inspect@^1.9.0
330 http fetch GET 200 https://registry.npmjs.org/get-intrinsic 28ms (cache revalidated)
331 http fetch GET 200 https://registry.npmjs.org/object-inspect 30ms (cache revalidated)
332 http fetch GET 200 https://registry.npmjs.org/call-bind 33ms (cache revalidated)
333 timing idealTree:node_modules/qs Completed in 35ms
334 timing idealTree:node_modules/range-parser Completed in 0ms
335 timing idealTree:node_modules/raw-body Completed in 0ms
336 silly placeDep ROOT string_decoder@1.3.0 OK for: readable-stream@3.6.2 want: ^1.1.1
337 silly placeDep ROOT util-deprecate@1.0.2 OK for: readable-stream@3.6.2 want: ^1.0.1
338 timing idealTree:node_modules/readable-stream Completed in 4ms
339 timing idealTree:node_modules/readdir-glob Completed in 0ms
340 timing idealTree:node_modules/safe-buffer Completed in 0ms
341 timing idealTree:node_modules/safer-buffer Completed in 0ms
342 silly placeDep ROOT mime@1.6.0 OK for: send@0.18.0 want: 1.6.0
343 silly placeDep node_modules/send ms@2.1.3 OK for: send@0.18.0 want: 2.1.3
344 timing idealTree:node_modules/send Completed in 2ms
345 timing idealTree:node_modules/mime Completed in 0ms
346 timing idealTree:node_modules/serve-static Completed in 0ms
347 timing idealTree:node_modules/setprototypeof Completed in 0ms
348 silly placeDep ROOT call-bind@1.0.2 OK for: side-channel@1.0.4 want: ^1.0.0
349 silly fetch manifest function-bind@^1.1.1
350 silly placeDep ROOT get-intrinsic@1.2.1 OK for: side-channel@1.0.4 want: ^1.0.2
351 silly fetch manifest has@^1.0.3
352 silly fetch manifest has-proto@^1.0.1
353 silly fetch manifest has-symbols@^1.0.3
354 silly placeDep ROOT object-inspect@1.12.3 OK for: side-channel@1.0.4 want: ^1.9.0
355 http fetch GET 200 https://registry.npmjs.org/function-bind 31ms (cache revalidated)
356 http fetch GET 200 https://registry.npmjs.org/has 33ms (cache revalidated)
357 http fetch GET 200 https://registry.npmjs.org/has-proto 33ms (cache revalidated)
358 http fetch GET 200 https://registry.npmjs.org/has-symbols 35ms (cache revalidated)
359 timing idealTree:node_modules/side-channel Completed in 42ms
360 silly placeDep ROOT function-bind@1.1.1 OK for: call-bind@1.0.2 want: ^1.1.1
361 timing idealTree:node_modules/call-bind Completed in 2ms
362 timing idealTree:node_modules/function-bind Completed in 0ms
363 silly placeDep ROOT has@1.0.4 OK for: get-intrinsic@1.2.1 want: ^1.0.3
364 silly placeDep ROOT has-proto@1.0.1 OK for: get-intrinsic@1.2.1 want: ^1.0.1
365 silly placeDep ROOT has-symbols@1.0.3 OK for: get-intrinsic@1.2.1 want: ^1.0.3
366 timing idealTree:node_modules/get-intrinsic Completed in 3ms
367 timing idealTree:node_modules/has Completed in 0ms
368 timing idealTree:node_modules/has-proto Completed in 0ms
369 timing idealTree:node_modules/has-symbols Completed in 0ms
370 timing idealTree:node_modules/object-inspect Completed in 0ms
371 timing idealTree:node_modules/statuses Completed in 0ms
372 timing idealTree:node_modules/string_decoder Completed in 0ms
373 silly placeDep ROOT b4a@1.6.4 OK for: tar-stream@3.1.6 want: ^1.6.4
374 silly placeDep ROOT fast-fifo@1.3.2 OK for: tar-stream@3.1.6 want: ^1.2.0
375 silly placeDep ROOT streamx@2.15.1 OK for: tar-stream@3.1.6 want: ^2.15.0
376 silly fetch manifest queue-tick@^1.0.1
377 http fetch GET 200 https://registry.npmjs.org/queue-tick 40ms (cache revalidated)
378 timing idealTree:node_modules/tar-stream Completed in 45ms
379 timing idealTree:node_modules/b4a Completed in 0ms
380 timing idealTree:node_modules/fast-fifo Completed in 0ms
381 silly placeDep ROOT queue-tick@1.0.1 OK for: streamx@2.15.1 want: ^1.0.1
382 timing idealTree:node_modules/streamx Completed in 1ms
383 timing idealTree:node_modules/queue-tick Completed in 0ms
384 timing idealTree:node_modules/toidentifier Completed in 0ms
385 silly placeDep ROOT media-typer@0.3.0 OK for: type-is@1.6.18 want: 0.3.0
386 timing idealTree:node_modules/type-is Completed in 2ms
387 timing idealTree:node_modules/media-typer Completed in 0ms
388 timing idealTree:node_modules/unpipe Completed in 0ms
389 timing idealTree:node_modules/util-deprecate Completed in 0ms
390 timing idealTree:node_modules/utils-merge Completed in 0ms
391 timing idealTree:node_modules/vary Completed in 0ms
392 timing idealTree:node_modules/wrappy Completed in 0ms
393 silly placeDep ROOT compress-commons@5.0.1 OK for: zip-stream@5.0.1 want: ^5.0.1
394 silly fetch manifest crc-32@^1.2.0
395 silly fetch manifest crc32-stream@^5.0.0
396 http fetch GET 200 https://registry.npmjs.org/crc32-stream 25ms (cache revalidated)
397 http fetch GET 200 https://registry.npmjs.org/crc-32 31ms (cache revalidated)
398 timing idealTree:node_modules/zip-stream Completed in 35ms
399 silly placeDep ROOT crc-32@1.2.2 OK for: compress-commons@5.0.1 want: ^1.2.0
400 silly placeDep ROOT crc32-stream@5.0.0 OK for: compress-commons@5.0.1 want: ^5.0.0
401 timing idealTree:node_modules/compress-commons Completed in 3ms
402 timing idealTree:node_modules/crc-32 Completed in 0ms
403 timing idealTree:node_modules/crc32-stream Completed in 0ms
404 silly placeDep ROOT core-util-is@1.0.3 OK for: readable-stream@2.3.8 want: ~1.0.0
405 silly placeDep ROOT isarray@1.0.0 OK for: readable-stream@2.3.8 want: ~1.0.0
406 silly placeDep ROOT process-nextick-args@2.0.1 OK for: readable-stream@2.3.8 want: ~2.0.0
407 silly placeDep node_modules/lazystream safe-buffer@5.1.2 OK for: readable-stream@2.3.8 want: ~5.1.1
408 silly placeDep node_modules/lazystream string_decoder@1.1.1 OK for: readable-stream@2.3.8 want: ~1.1.1
409 timing idealTree:node_modules/lazystream/node_modules/readable-stream Completed in 7ms
410 timing idealTree:node_modules/core-util-is Completed in 0ms
411 timing idealTree:node_modules/isarray Completed in 0ms
412 timing idealTree:node_modules/process-nextick-args Completed in 0ms
413 timing idealTree:node_modules/lazystream/node_modules/safe-buffer Completed in 0ms
414 timing idealTree:node_modules/lazystream/node_modules/string_decoder Completed in 0ms
415 timing idealTree:node_modules/send/node_modules/ms Completed in 0ms
416 timing idealTree:buildDeps Completed in 1122ms
417 timing idealTree:fixDepFlags Completed in 2ms
418 timing idealTree Completed in 1150ms
419 timing reify:loadTrees Completed in 1151ms
420 timing reify:diffTrees Completed in 3ms
421 silly reify moves {}
422 timing reify:retireShallow Completed in 1ms
423 timing reify:createSparse Completed in 9ms
424 timing reify:loadBundles Completed in 0ms
425 timing reifyNode:node_modules/process-nextick-args Completed in 294ms
426 timing reifyNode:node_modules/ee-first Completed in 295ms
427 timing reifyNode:node_modules/wrappy Completed in 295ms
428 timing reifyNode:node_modules/once Completed in 295ms
429 timing reifyNode:node_modules/inflight Completed in 295ms
430 timing reifyNode:node_modules/ms Completed in 295ms
431 timing reifyNode:node_modules/destroy Completed in 296ms
432 timing reifyNode:node_modules/escape-html Completed in 295ms
433 timing reifyNode:node_modules/array-flatten Completed in 296ms
434 timing reifyNode:node_modules/normalize-path Completed in 296ms
435 timing reifyNode:node_modules/buffer-crc32 Completed in 296ms
436 timing reifyNode:node_modules/send/node_modules/ms Completed in 299ms
437 timing reifyNode:node_modules/core-util-is Completed in 304ms
438 timing reifyNode:node_modules/media-typer Completed in 303ms
439 timing reifyNode:node_modules/fast-fifo Completed in 304ms
440 timing reifyNode:node_modules/forwarded Completed in 304ms
441 timing reifyNode:node_modules/toidentifier Completed in 305ms
442 timing reifyNode:node_modules/inherits Completed in 304ms
443 timing reifyNode:node_modules/unpipe Completed in 304ms
444 timing reifyNode:node_modules/bytes Completed in 305ms
445 timing reifyNode:node_modules/vary Completed in 305ms
446 timing reifyNode:node_modules/utils-merge Completed in 305ms
447 timing reifyNode:node_modules/type-is Completed in 304ms
448 timing reifyNode:node_modules/range-parser Completed in 305ms
449 timing reifyNode:node_modules/path-to-regexp Completed in 305ms
450 timing reifyNode:node_modules/parseurl Completed in 305ms
451 timing reifyNode:node_modules/methods Completed in 305ms
452 timing reifyNode:node_modules/merge-descriptors Completed in 306ms
453 timing reifyNode:node_modules/http-errors Completed in 306ms
454 timing reifyNode:node_modules/fresh Completed in 305ms
455 timing reifyNode:node_modules/etag Completed in 305ms
456 timing reifyNode:node_modules/encodeurl Completed in 305ms
457 timing reifyNode:node_modules/cookie-signature Completed in 306ms
458 timing reifyNode:node_modules/content-type Completed in 306ms
459 timing reifyNode:node_modules/accepts Completed in 306ms
460 timing reifyNode:node_modules/zip-stream Completed in 306ms
461 timing reifyNode:node_modules/archiver-utils Completed in 307ms
462 timing reifyNode:node_modules/util-deprecate Completed in 312ms
463 timing reifyNode:node_modules/string_decoder Completed in 312ms
464 timing reifyNode:node_modules/balanced-match Completed in 313ms
465 timing reifyNode:node_modules/brace-expansion Completed in 313ms
466 timing reifyNode:node_modules/fs.realpath Completed in 312ms
467 timing reifyNode:node_modules/proxy-addr Completed in 312ms
468 timing reifyNode:node_modules/on-finished Completed in 312ms
469 timing reifyNode:node_modules/readdir-glob Completed in 312ms
470 timing reifyNode:node_modules/streamx Completed in 318ms
471 timing reifyNode:node_modules/has Completed in 319ms
472 timing reifyNode:node_modules/mime-types Completed in 319ms
473 timing reifyNode:node_modules/statuses Completed in 318ms
474 timing reifyNode:node_modules/setprototypeof Completed in 318ms
475 timing reifyNode:node_modules/serve-static Completed in 318ms
476 timing reifyNode:node_modules/content-disposition Completed in 318ms
477 timing reifyNode:node_modules/graceful-fs Completed in 317ms
478 timing reifyNode:node_modules/lazystream/node_modules/string_decoder Completed in 318ms
479 timing reifyNode:node_modules/lazystream/node_modules/safe-buffer Completed in 318ms
480 timing reifyNode:node_modules/isarray Completed in 326ms
481 timing reifyNode:node_modules/crc32-stream Completed in 327ms
482 timing reifyNode:node_modules/minimatch Completed in 326ms
483 timing reifyNode:node_modules/safe-buffer Completed in 326ms
484 timing reifyNode:node_modules/finalhandler Completed in 325ms
485 timing reifyNode:node_modules/cookie Completed in 326ms
486 timing reifyNode:node_modules/queue-tick Completed in 331ms
487 timing reifyNode:node_modules/raw-body Completed in 330ms
488 timing reifyNode:node_modules/has-proto Completed in 338ms
489 timing reifyNode:node_modules/safer-buffer Completed in 338ms
490 timing reifyNode:node_modules/depd Completed in 336ms
491 timing reifyNode:node_modules/ipaddr.js Completed in 342ms
492 timing reifyNode:node_modules/glob Completed in 339ms
493 timing reifyNode:node_modules/tar-stream Completed in 339ms
494 timing reifyNode:node_modules/send Completed in 343ms
495 timing reifyNode:node_modules/crc-32 Completed in 348ms
496 timing reifyNode:node_modules/negotiator Completed in 346ms
497 timing reifyNode:node_modules/b4a Completed in 349ms
498 timing reifyNode:node_modules/side-channel Completed in 349ms
499 timing reifyNode:node_modules/lazystream Completed in 345ms
500 timing reifyNode:node_modules/archiver Completed in 345ms
501 timing reifyNode:node_modules/function-bind Completed in 351ms
502 timing reifyNode:node_modules/get-intrinsic Completed in 351ms
503 timing reifyNode:node_modules/mime Completed in 351ms
504 timing reifyNode:node_modules/call-bind Completed in 353ms
505 timing reifyNode:node_modules/has-symbols Completed in 362ms
506 timing reifyNode:node_modules/mime-db Completed in 361ms
507 timing reifyNode:node_modules/body-parser Completed in 361ms
508 timing reifyNode:node_modules/debug Completed in 362ms
509 timing reifyNode:node_modules/compress-commons Completed in 369ms
510 timing reifyNode:node_modules/express Completed in 379ms
511 timing reifyNode:node_modules/lazystream/node_modules/readable-stream Completed in 380ms
512 timing reifyNode:node_modules/qs Completed in 383ms
513 timing reifyNode:node_modules/readable-stream Completed in 382ms
514 timing reifyNode:node_modules/object-inspect Completed in 389ms
515 timing reifyNode:node_modules/iconv-lite Completed in 388ms
516 timing reifyNode:node_modules/async Completed in 431ms
517 timing reifyNode:node_modules/lodash Completed in 625ms
518 timing reify:unpack Completed in 630ms
519 timing reify:unretire Completed in 0ms
520 timing build:queue Completed in 3ms
521 timing build:link:node_modules/crc-32 Completed in 3ms
522 timing build:link:node_modules/mime Completed in 2ms
523 timing build:link Completed in 3ms
524 timing build:deps Completed in 7ms
525 timing build Completed in 7ms
526 timing reify:build Completed in 7ms
527 timing reify:trash Completed in 0ms
528 timing reify:save Completed in 38ms
529 timing reify Completed in 1870ms
530 silly ADD node_modules/process-nextick-args
531 silly ADD node_modules/isarray
532 silly ADD node_modules/core-util-is
533 silly ADD node_modules/crc32-stream
534 silly ADD node_modules/crc-32
535 silly ADD node_modules/compress-commons
536 silly ADD node_modules/media-typer
537 silly ADD node_modules/queue-tick
538 silly ADD node_modules/streamx
539 silly ADD node_modules/fast-fifo
540 silly ADD node_modules/b4a
541 silly ADD node_modules/has-symbols
542 silly ADD node_modules/has-proto
543 silly ADD node_modules/has
544 silly ADD node_modules/function-bind
545 silly ADD node_modules/object-inspect
546 silly ADD node_modules/get-intrinsic
547 silly ADD node_modules/call-bind
548 silly ADD node_modules/mime
549 silly ADD node_modules/util-deprecate
550 silly ADD node_modules/string_decoder
551 silly ADD node_modules/side-channel
552 silly ADD node_modules/ipaddr.js
553 silly ADD node_modules/forwarded
554 silly ADD node_modules/ee-first
555 silly ADD node_modules/balanced-match
556 silly ADD node_modules/brace-expansion
557 silly ADD node_modules/mime-db
558 silly ADD node_modules/wrappy
559 silly ADD node_modules/safer-buffer
560 silly ADD node_modules/toidentifier
561 silly ADD node_modules/once
562 silly ADD node_modules/minimatch
563 silly ADD node_modules/inherits
564 silly ADD node_modules/inflight
565 silly ADD node_modules/fs.realpath
566 silly ADD node_modules/ms
567 silly ADD node_modules/unpipe
568 silly ADD node_modules/raw-body
569 silly ADD node_modules/iconv-lite
570 silly ADD node_modules/destroy
571 silly ADD node_modules/bytes
572 silly ADD node_modules/negotiator
573 silly ADD node_modules/mime-types
574 silly ADD node_modules/vary
575 silly ADD node_modules/utils-merge
576 silly ADD node_modules/type-is
577 silly ADD node_modules/statuses
578 silly ADD node_modules/setprototypeof
579 silly ADD node_modules/serve-static
580 silly ADD node_modules/send
581 silly ADD node_modules/send/node_modules/ms
582 silly ADD node_modules/safe-buffer
583 silly ADD node_modules/range-parser
584 silly ADD node_modules/qs
585 silly ADD node_modules/proxy-addr
586 silly ADD node_modules/path-to-regexp
587 silly ADD node_modules/parseurl
588 silly ADD node_modules/on-finished
589 silly ADD node_modules/methods
590 silly ADD node_modules/merge-descriptors
591 silly ADD node_modules/http-errors
592 silly ADD node_modules/fresh
593 silly ADD node_modules/finalhandler
594 silly ADD node_modules/etag
595 silly ADD node_modules/escape-html
596 silly ADD node_modules/encodeurl
597 silly ADD node_modules/depd
598 silly ADD node_modules/debug
599 silly ADD node_modules/cookie-signature
600 silly ADD node_modules/cookie
601 silly ADD node_modules/content-type
602 silly ADD node_modules/content-disposition
603 silly ADD node_modules/body-parser
604 silly ADD node_modules/array-flatten
605 silly ADD node_modules/accepts
606 silly ADD node_modules/normalize-path
607 silly ADD node_modules/lodash
608 silly ADD node_modules/lazystream
609 silly ADD node_modules/lazystream/node_modules/string_decoder
610 silly ADD node_modules/lazystream/node_modules/safe-buffer
611 silly ADD node_modules/lazystream/node_modules/readable-stream
612 silly ADD node_modules/graceful-fs
613 silly ADD node_modules/glob
614 silly ADD node_modules/zip-stream
615 silly ADD node_modules/tar-stream
616 silly ADD node_modules/readdir-glob
617 silly ADD node_modules/readable-stream
618 silly ADD node_modules/buffer-crc32
619 silly ADD node_modules/async
620 silly ADD node_modules/archiver-utils
621 silly ADD node_modules/express
622 silly ADD node_modules/archiver
623 timing command:install Completed in 1881ms
624 verbose exit 0
625 timing npm Completed in 2142ms
626 info ok
