0 verbose cli /home/ubuntu/.nvm/versions/node/v18.17.1/bin/node /home/ubuntu/.nvm/versions/node/v18.17.1/bin/npm
1 info using npm@9.6.7
2 info using node@v18.17.1
3 timing npm:load:whichnode Completed in 2ms
4 timing config:load:defaults Completed in 2ms
5 timing config:load:file:/home/ubuntu/.nvm/versions/node/v18.17.1/lib/node_modules/npm/npmrc Completed in 12ms
6 timing config:load:builtin Completed in 12ms
7 timing config:load:cli Completed in 6ms
8 timing config:load:env Completed in 1ms
9 timing config:load:file:/home/ubuntu/asgarage-backend/.npmrc Completed in 0ms
10 timing config:load:project Completed in 1ms
11 timing config:load:file:/home/ubuntu/.npmrc Completed in 0ms
12 timing config:load:user Completed in 1ms
13 timing config:load:file:/home/ubuntu/.nvm/versions/node/v18.17.1/etc/npmrc Completed in 0ms
14 timing config:load:global Completed in 0ms
15 timing config:load:setEnvs Completed in 1ms
16 timing config:load Completed in 24ms
17 timing npm:load:configload Completed in 24ms
18 timing npm:load:mkdirpcache Completed in 1ms
19 timing npm:load:mkdirplogs Completed in 0ms
20 verbose title npm i
21 verbose argv "i"
22 timing npm:load:setTitle Completed in 2ms
23 timing config:load:flatten Completed in 3ms
24 timing npm:load:display Completed in 4ms
25 verbose logfile logs-max:10 dir:/home/ubuntu/.npm/_logs/2023-09-13T20_53_24_514Z-
26 verbose logfile /home/ubuntu/.npm/_logs/2023-09-13T20_53_24_514Z-debug-0.log
27 timing npm:load:logFile Completed in 11ms
28 timing npm:load:timers Completed in 1ms
29 timing npm:load:configScope Completed in 0ms
30 timing npm:load Completed in 45ms
31 timing arborist:ctor Completed in 1ms
32 silly logfile done cleaning log files
33 timing idealTree:init Completed in 249ms
34 timing idealTree:userRequests Completed in 0ms
35 silly idealTree buildDeps
36 timing idealTree:#root Completed in 1ms
37 timing idealTree:buildDeps Completed in 2ms
38 timing idealTree:fixDepFlags Completed in 1ms
39 timing idealTree Completed in 256ms
40 timing arborist:ctor Completed in 1ms
41 timing reify:loadTrees Completed in 378ms
42 timing reify:diffTrees Completed in 9ms
43 silly reify moves {}
44 timing reify:retireShallow Completed in 2ms
45 timing reify:createSparse Completed in 0ms
46 timing reify:loadBundles Completed in 0ms
47 silly audit bulk request {
47 silly audit   '@aws-crypto/crc32': [ '3.0.0' ],
47 silly audit   tslib: [ '1.14.1', '2.6.1' ],
47 silly audit   '@aws-crypto/crc32c': [ '3.0.0' ],
47 silly audit   '@aws-crypto/ie11-detection': [ '3.0.0' ],
47 silly audit   '@aws-crypto/sha1-browser': [ '3.0.0' ],
47 silly audit   '@aws-crypto/sha256-browser': [ '3.0.0' ],
47 silly audit   '@aws-crypto/sha256-js': [ '3.0.0' ],
47 silly audit   '@aws-crypto/supports-web-crypto': [ '3.0.0' ],
47 silly audit   '@aws-crypto/util': [ '3.0.0' ],
47 silly audit   '@aws-sdk/client-s3': [ '3.385.0' ],
47 silly audit   '@aws-sdk/client-sso': [ '3.382.0' ],
47 silly audit   '@aws-sdk/client-sts': [ '3.385.0' ],
47 silly audit   '@aws-sdk/credential-provider-env': [ '3.378.0' ],
47 silly audit   '@aws-sdk/credential-provider-ini': [ '3.385.0' ],
47 silly audit   '@aws-sdk/credential-provider-node': [ '3.385.0' ],
47 silly audit   '@aws-sdk/credential-provider-process': [ '3.378.0' ],
47 silly audit   '@aws-sdk/credential-provider-sso': [ '3.385.0' ],
47 silly audit   '@aws-sdk/credential-provider-web-identity': [ '3.378.0' ],
47 silly audit   '@aws-sdk/lib-storage': [ '3.385.0' ],
47 silly audit   buffer: [ '5.6.0', '4.9.2' ],
47 silly audit   events: [ '3.3.0', '1.1.1' ],
47 silly audit   '@aws-sdk/middleware-bucket-endpoint': [ '3.378.0' ],
47 silly audit   '@aws-sdk/middleware-expect-continue': [ '3.378.0' ],
47 silly audit   '@aws-sdk/middleware-flexible-checksums': [ '3.383.0' ],
47 silly audit   '@aws-sdk/middleware-host-header': [ '3.379.1' ],
47 silly audit   '@aws-sdk/middleware-location-constraint': [ '3.379.1' ],
47 silly audit   '@aws-sdk/middleware-logger': [ '3.378.0' ],
47 silly audit   '@aws-sdk/middleware-recursion-detection': [ '3.378.0' ],
47 silly audit   '@aws-sdk/middleware-sdk-s3': [ '3.379.1' ],
47 silly audit   '@aws-sdk/middleware-sdk-sts': [ '3.379.1' ],
47 silly audit   '@aws-sdk/middleware-signing': [ '3.379.1' ],
47 silly audit   '@aws-sdk/middleware-ssec': [ '3.378.0' ],
47 silly audit   '@aws-sdk/middleware-user-agent': [ '3.382.0' ],
47 silly audit   '@aws-sdk/signature-v4-multi-region': [ '3.378.0' ],
47 silly audit   '@aws-sdk/token-providers': [ '3.385.0' ],
47 silly audit   '@aws-sdk/types': [ '3.378.0' ],
47 silly audit   '@aws-sdk/util-arn-parser': [ '3.310.0' ],
47 silly audit   '@aws-sdk/util-endpoints': [ '3.382.0' ],
47 silly audit   '@aws-sdk/util-locate-window': [ '3.310.0' ],
47 silly audit   '@aws-sdk/util-user-agent-browser': [ '3.378.0' ],
47 silly audit   '@aws-sdk/util-user-agent-node': [ '3.378.0' ],
47 silly audit   '@aws-sdk/util-utf8-browser': [ '3.259.0' ],
47 silly audit   '@aws-sdk/xml-builder': [ '3.310.0' ],
47 silly audit   '@mapbox/node-pre-gyp': [ '1.0.11' ],
47 silly audit   '@smithy/abort-controller': [ '2.0.1' ],
47 silly audit   '@smithy/chunked-blob-reader': [ '2.0.0' ],
47 silly audit   '@smithy/chunked-blob-reader-native': [ '2.0.0' ],
47 silly audit   '@smithy/config-resolver': [ '2.0.1' ],
47 silly audit   '@smithy/credential-provider-imds': [ '2.0.1' ],
47 silly audit   '@smithy/eventstream-codec': [ '2.0.1' ],
47 silly audit   '@smithy/eventstream-serde-browser': [ '2.0.1' ],
47 silly audit   '@smithy/eventstream-serde-config-resolver': [ '2.0.1' ],
47 silly audit   '@smithy/eventstream-serde-node': [ '2.0.1' ],
47 silly audit   '@smithy/eventstream-serde-universal': [ '2.0.1' ],
47 silly audit   '@smithy/fetch-http-handler': [ '2.0.1' ],
47 silly audit   '@smithy/hash-blob-browser': [ '2.0.1' ],
47 silly audit   '@smithy/hash-node': [ '2.0.1' ],
47 silly audit   '@smithy/hash-stream-node': [ '2.0.1' ],
47 silly audit   '@smithy/invalid-dependency': [ '2.0.1' ],
47 silly audit   '@smithy/is-array-buffer': [ '2.0.0' ],
47 silly audit   '@smithy/md5-js': [ '2.0.1' ],
47 silly audit   '@smithy/middleware-content-length': [ '2.0.1' ],
47 silly audit   '@smithy/middleware-endpoint': [ '2.0.1' ],
47 silly audit   '@smithy/middleware-retry': [ '2.0.1' ],
47 silly audit   uuid: [ '8.3.2', '8.0.0', '9.0.0' ],
47 silly audit   '@smithy/middleware-serde': [ '2.0.1' ],
47 silly audit   '@smithy/middleware-stack': [ '2.0.0' ],
47 silly audit   '@smithy/node-config-provider': [ '2.0.1' ],
47 silly audit   '@smithy/node-http-handler': [ '2.0.1' ],
47 silly audit   '@smithy/property-provider': [ '2.0.1' ],
47 silly audit   '@smithy/protocol-http': [ '2.0.1' ],
47 silly audit   '@smithy/querystring-builder': [ '2.0.1' ],
47 silly audit   '@smithy/querystring-parser': [ '2.0.1' ],
47 silly audit   '@smithy/service-error-classification': [ '2.0.0' ],
47 silly audit   '@smithy/shared-ini-file-loader': [ '2.0.1' ],
47 silly audit   '@smithy/signature-v4': [ '2.0.1' ],
47 silly audit   '@smithy/smithy-client': [ '2.0.1' ],
47 silly audit   '@smithy/types': [ '2.0.2' ],
47 silly audit   '@smithy/url-parser': [ '2.0.1' ],
47 silly audit   '@smithy/util-base64': [ '2.0.0' ],
47 silly audit   '@smithy/util-body-length-browser': [ '2.0.0' ],
47 silly audit   '@smithy/util-body-length-node': [ '2.0.0' ],
47 silly audit   '@smithy/util-buffer-from': [ '2.0.0' ],
47 silly audit   '@smithy/util-config-provider': [ '2.0.0' ],
47 silly audit   '@smithy/util-defaults-mode-browser': [ '2.0.1' ],
47 silly audit   '@smithy/util-defaults-mode-node': [ '2.0.1' ],
47 silly audit   '@smithy/util-hex-encoding': [ '2.0.0' ],
47 silly audit   '@smithy/util-middleware': [ '2.0.0' ],
47 silly audit   '@smithy/util-retry': [ '2.0.0' ],
47 silly audit   '@smithy/util-stream': [ '2.0.1' ],
47 silly audit   '@smithy/util-uri-escape': [ '2.0.0' ],
47 silly audit   '@smithy/util-utf8': [ '2.0.0' ],
47 silly audit   '@smithy/util-waiter': [ '2.0.1' ],
47 silly audit   '@types/node': [ '20.4.2' ],
47 silly audit   '@types/webidl-conversions': [ '7.0.0' ],
47 silly audit   '@types/whatwg-url': [ '8.2.2' ],
47 silly audit   abbrev: [ '1.1.1' ],
47 silly audit   accepts: [ '1.3.8' ],
47 silly audit   'agent-base': [ '6.0.2' ],
47 silly audit   debug: [ '4.3.4', '2.6.9' ],
47 silly audit   ms: [ '2.1.2', '2.1.3', '2.0.0' ],
47 silly audit   'ansi-regex': [ '5.0.1' ],
47 silly audit   'append-field': [ '1.0.0' ],
47 silly audit   aproba: [ '2.0.0' ],
47 silly audit   'are-we-there-yet': [ '2.0.0' ],
47 silly audit   'readable-stream': [ '3.6.2', '2.3.8' ],
47 silly audit   'array-flatten': [ '1.1.1' ],
47 silly audit   'available-typed-arrays': [ '1.0.5' ],
47 silly audit   'aws-sdk': [ '2.1430.0' ],
47 silly audit   axios: [ '0.26.1' ],
47 silly audit   'balanced-match': [ '1.0.2' ],
47 silly audit   'base64-js': [ '1.5.1' ],
47 silly audit   bcrypt: [ '5.1.0' ],
47 silly audit   'body-parser': [ '1.20.1' ],
47 silly audit   bowser: [ '2.11.0' ],
47 silly audit   'brace-expansion': [ '1.1.11' ],
47 silly audit   bson: [ '5.4.0' ],
47 silly audit   'buffer-equal-constant-time': [ '1.0.1' ],
47 silly audit   'buffer-from': [ '1.1.2' ],
47 silly audit   busboy: [ '1.6.0' ],
47 silly audit   bytes: [ '3.1.2' ],
47 silly audit   'call-bind': [ '1.0.2' ],
47 silly audit   chownr: [ '2.0.0' ],
47 silly audit   'color-support': [ '1.1.3' ],
47 silly audit   'concat-map': [ '0.0.1' ],
47 silly audit   'concat-stream': [ '1.6.2' ],
47 silly audit   'console-control-strings': [ '1.1.0' ],
47 silly audit   'content-disposition': [ '0.5.4' ],
47 silly audit   'content-type': [ '1.0.5' ],
47 silly audit   cookie: [ '0.5.0', '0.4.1' ],
47 silly audit   'cookie-parser': [ '1.4.6' ],
47 silly audit   'cookie-signature': [ '1.0.6' ],
47 silly audit   'core-util-is': [ '1.0.3' ],
47 silly audit   cors: [ '2.8.5' ],
47 silly audit   dayjs: [ '1.11.9' ],
47 silly audit   delegates: [ '1.0.0' ],
47 silly audit   depd: [ '2.0.0' ],
47 silly audit   destroy: [ '1.2.0' ],
47 silly audit   'detect-libc': [ '2.0.1' ],
47 silly audit   dotenv: [ '16.3.1' ],
47 silly audit   'ecdsa-sig-formatter': [ '1.0.11' ],
47 silly audit   'ee-first': [ '1.1.1' ],
47 silly audit   'emoji-regex': [ '8.0.0' ],
47 silly audit   encodeurl: [ '1.0.2' ],
47 silly audit   'escape-html': [ '1.0.3' ],
47 silly audit   etag: [ '1.8.1' ],
47 silly audit   express: [ '4.18.2' ],
47 silly audit   'fast-xml-parser': [ '4.2.5' ],
47 silly audit   'file-type': [ '3.9.0' ],
47 silly audit   finalhandler: [ '1.2.0' ],
47 silly audit   'follow-redirects': [ '1.15.2' ],
47 silly audit   'for-each': [ '0.3.3' ],
47 silly audit   forwarded: [ '0.2.0' ],
47 silly audit   fresh: [ '0.5.2' ],
47 silly audit   'fs-minipass': [ '2.1.0' ],
47 silly audit   minipass: [ '3.3.6', '5.0.0' ],
47 silly audit   'fs.realpath': [ '1.0.0' ],
47 silly audit   'function-bind': [ '1.1.1' ],
47 silly audit   gauge: [ '3.0.2' ],
47 silly audit   'get-intrinsic': [ '1.2.1' ],
47 silly audit   glob: [ '7.2.3' ],
47 silly audit   gopd: [ '1.0.1' ],
47 silly audit   has: [ '1.0.3' ],
47 silly audit   'has-proto': [ '1.0.1' ],
47 silly audit   'has-symbols': [ '1.0.3' ],
47 silly audit   'has-tostringtag': [ '1.0.0' ],
47 silly audit   'has-unicode': [ '2.0.1' ],
47 silly audit   'html-comment-regex': [ '1.1.2' ],
47 silly audit   'http-errors': [ '2.0.0' ],
47 silly audit   'https-proxy-agent': [ '5.0.1' ],
47 silly audit   'iconv-lite': [ '0.4.24' ],
47 silly audit   ieee754: [ '1.1.13' ],
47 silly audit   inflight: [ '1.0.6' ],
47 silly audit   inherits: [ '2.0.4' ],
47 silly audit   ip: [ '2.0.0' ],
47 silly audit   'ipaddr.js': [ '1.9.1' ],
47 silly audit   'is-arguments': [ '1.1.1' ],
47 silly audit   'is-callable': [ '1.2.7' ],
47 silly audit   'is-fullwidth-code-point': [ '3.0.0' ],
47 silly audit   'is-generator-function': [ '1.0.10' ],
47 silly audit   'is-typed-array': [ '1.1.12' ],
47 silly audit   isarray: [ '1.0.0' ],
47 silly audit   jmespath: [ '0.16.0' ],
47 silly audit   jsonwebtoken: [ '9.0.1' ],
47 silly audit   jwa: [ '1.4.1' ],
47 silly audit   jws: [ '3.2.2' ],
47 silly audit   'jwt-decode': [ '3.1.2' ],
47 silly audit   kareem: [ '2.5.1' ],
47 silly audit   lodash: [ '4.17.21' ],
47 silly audit   'lru-cache': [ '6.0.0' ],
47 silly audit   'make-dir': [ '3.1.0' ],
47 silly audit   semver: [ '6.3.1', '7.5.4' ],
47 silly audit   'media-typer': [ '0.3.0' ],
47 silly audit   'memory-pager': [ '1.5.0' ],
47 silly audit   'merge-descriptors': [ '1.0.1' ],
47 silly audit   methods: [ '1.1.2' ],
47 silly audit   mime: [ '1.6.0' ],
47 silly audit   'mime-db': [ '1.52.0' ],
47 silly audit   'mime-types': [ '2.1.35' ],
47 silly audit   minimatch: [ '3.1.2' ],
47 silly audit   minimist: [ '1.2.8' ],
47 silly audit   minizlib: [ '2.1.2' ],
47 silly audit   mkdirp: [ '0.5.6', '1.0.4' ],
47 silly audit   mongodb: [ '5.6.0' ],
47 silly audit   'mongodb-connection-string-url': [ '2.6.0' ],
47 silly audit   mongoose: [ '7.3.4' ],
47 silly audit   mpath: [ '0.9.0' ],
47 silly audit   mquery: [ '5.0.0' ],
47 silly audit   multer: [ '1.4.5-lts.1' ],
47 silly audit   'multer-s3': [ '3.0.1' ],
47 silly audit   negotiator: [ '0.6.3' ],
47 silly audit   'node-addon-api': [ '5.1.0' ],
47 silly audit   'node-fetch': [ '2.6.12' ],
47 silly audit   tr46: [ '0.0.3', '3.0.0' ],
47 silly audit   'webidl-conversions': [ '3.0.1', '7.0.0' ],
47 silly audit   'whatwg-url': [ '5.0.0', '11.0.0' ],
47 silly audit   nodemailer: [ '6.9.5' ],
47 silly audit   nopt: [ '5.0.0' ],
47 silly audit   npmlog: [ '5.0.1' ],
47 silly audit   'object-assign': [ '4.1.1' ],
47 silly audit   'object-inspect': [ '1.12.3' ],
47 silly audit   'on-finished': [ '2.4.1' ],
47 silly audit   once: [ '1.4.0' ],
47 silly audit   parseurl: [ '1.3.3' ],
47 silly audit   'path-is-absolute': [ '1.0.1' ],
47 silly audit   'path-to-regexp': [ '0.1.7' ],
47 silly audit   'process-nextick-args': [ '2.0.1' ],
47 silly audit   'proxy-addr': [ '2.0.7' ],
47 silly audit   punycode: [ '2.3.0', '1.3.2' ],
47 silly audit   qs: [ '6.11.0' ],
47 silly audit   querystring: [ '0.2.0' ],
47 silly audit   querystringify: [ '2.2.0' ],
47 silly audit   'queue-microtask': [ '1.2.3' ],
47 silly audit   'range-parser': [ '1.2.1' ],
47 silly audit   'raw-body': [ '2.5.1' ],
47 silly audit   'safe-buffer': [ '5.1.2', '5.2.1' ],
47 silly audit   'requires-port': [ '1.0.0' ],
47 silly audit   rimraf: [ '3.0.2' ],
47 silly audit   'run-parallel': [ '1.2.0' ],
47 silly audit   'safer-buffer': [ '2.1.2' ],
47 silly audit   saslprep: [ '1.0.3' ],
47 silly audit   sax: [ '1.2.1' ],
47 silly audit   scmp: [ '2.1.0' ],
47 silly audit   send: [ '0.18.0' ],
47 silly audit   'serve-static': [ '1.15.0' ],
47 silly audit   'set-blocking': [ '2.0.0' ],
47 silly audit   setprototypeof: [ '1.2.0' ],
47 silly audit   'side-channel': [ '1.0.4' ],
47 silly audit   sift: [ '16.0.1' ],
47 silly audit   'signal-exit': [ '3.0.7' ],
47 silly audit   'smart-buffer': [ '4.2.0' ],
47 silly audit   socks: [ '2.7.1' ],
47 silly audit   'sparse-bitfield': [ '3.0.3' ],
47 silly audit   statuses: [ '2.0.1' ],
47 silly audit   'stream-browserify': [ '3.0.0' ],
47 silly audit   streamsearch: [ '1.1.0' ],
47 silly audit   string_decoder: [ '1.1.1' ],
47 silly audit   'string-width': [ '4.2.3' ],
47 silly audit   'strip-ansi': [ '6.0.1' ],
47 silly audit   strnum: [ '1.0.5' ],
47 silly audit   tar: [ '6.1.15' ],
47 silly audit   toidentifier: [ '1.0.1' ],
47 silly audit   twilio: [ '4.14.0' ],
47 silly audit   'type-is': [ '1.6.18' ],
47 silly audit   typedarray: [ '0.0.6' ],
47 silly audit   unpipe: [ '1.0.0' ],
47 silly audit   url: [ '0.10.3' ],
47 silly audit   'url-parse': [ '1.5.10' ],
47 silly audit   util: [ '0.12.5' ],
47 silly audit   'util-deprecate': [ '1.0.2' ],
47 silly audit   'utils-merge': [ '1.0.1' ],
47 silly audit   vary: [ '1.1.2' ],
47 silly audit   'which-typed-array': [ '1.1.11' ],
47 silly audit   'wide-align': [ '1.1.5' ],
47 silly audit   wrappy: [ '1.0.2' ],
47 silly audit   xml2js: [ '0.5.0' ],
47 silly audit   xmlbuilder: [ '11.0.1', '13.0.2' ],
47 silly audit   xtend: [ '4.0.2' ],
47 silly audit   yallist: [ '4.0.0' ]
47 silly audit }
48 timing reify:unpack Completed in 1ms
49 timing reify:unretire Completed in 0ms
50 timing build:queue Completed in 0ms
51 timing build:deps Completed in 1ms
52 timing build Completed in 1ms
53 timing reify:build Completed in 1ms
54 timing reify:trash Completed in 0ms
55 timing command:i Completed in 606ms
56 verbose stack Error: EACCES: permission denied, open '/home/ubuntu/asgarage-backend/package-lock.json'
57 verbose cwd /home/ubuntu/asgarage-backend
58 verbose Linux 5.19.0-1025-aws
59 verbose node v18.17.1
60 verbose npm  v9.6.7
61 error code EACCES
62 error syscall open
63 error path /home/ubuntu/asgarage-backend/package-lock.json
64 error errno -13
65 error [Error: EACCES: permission denied, open '/home/ubuntu/asgarage-backend/package-lock.json'] {
65 error   errno: -13,
65 error   code: 'EACCES',
65 error   syscall: 'open',
65 error   path: '/home/ubuntu/asgarage-backend/package-lock.json'
65 error }
66 error
66 error The operation was rejected by your operating system.
66 error It is likely you do not have the permissions to access this file as the current user
66 error
66 error If you believe this might be a permissions issue, please double-check the
66 error permissions of the file and its containing directories, or try running
66 error the command again as root/Administrator.
67 verbose exit -13
68 timing npm Completed in 874ms
69 verbose unfinished npm timer reify 1694638404782
70 verbose unfinished npm timer reify:audit 1694638405249
71 verbose unfinished npm timer auditReport:getReport 1694638405249
72 verbose unfinished npm timer reify:save 1694638405267
73 verbose code -13
74 error A complete log of this run can be found in: /home/ubuntu/.npm/_logs/2023-09-13T20_53_24_514Z-debug-0.log
